<?xml version="1.0" encoding="UTF-8"?>
<coverage generated="1611731630397" clover="3.2.0">
  <project timestamp="1611731630397" name="All files">
    <metrics statements="72" coveredstatements="62" conditionals="76" coveredconditionals="49" methods="18" coveredmethods="11" elements="166" coveredelements="122" complexity="0" loc="72" ncloc="72" packages="2" files="3" classes="3"/>
    <package name="components">
      <metrics statements="27" coveredstatements="27" conditionals="18" coveredconditionals="11" methods="7" coveredmethods="7"/>
      <file name="PromotionEdit.vue" path="/home/armatura/learn/vue/testing/src/components/PromotionEdit.vue">
        <metrics statements="27" coveredstatements="27" conditionals="18" coveredconditionals="11" methods="7" coveredmethods="7"/>
        <line num="220" count="1" type="stmt"/>
        <line num="228" count="1" type="stmt"/>
        <line num="238" count="4" type="stmt"/>
        <line num="256" count="4" type="stmt"/>
        <line num="260" count="4" type="cond" truecount="1" falsecount="1"/>
        <line num="261" count="4" type="cond" truecount="1" falsecount="1"/>
        <line num="262" count="4" type="cond" truecount="1" falsecount="1"/>
        <line num="263" count="4" type="cond" truecount="1" falsecount="1"/>
        <line num="266" count="4" type="cond" truecount="1" falsecount="1"/>
        <line num="269" count="4" type="stmt"/>
        <line num="270" count="4" type="cond" truecount="2" falsecount="0"/>
        <line num="274" count="4" type="cond" truecount="2" falsecount="0"/>
        <line num="280" count="8" type="cond" truecount="1" falsecount="1"/>
        <line num="281" count="8" type="cond" truecount="1" falsecount="1"/>
        <line num="285" count="8" type="stmt"/>
        <line num="288" count="1" type="stmt"/>
        <line num="289" count="1" type="stmt"/>
        <line num="290" count="1" type="stmt"/>
        <line num="291" count="1" type="stmt"/>
        <line num="292" count="1" type="stmt"/>
        <line num="293" count="1" type="stmt"/>
        <line num="294" count="1" type="stmt"/>
        <line num="300" count="1" type="stmt"/>
        <line num="306" count="1" type="stmt"/>
        <line num="307" count="1" type="stmt"/>
        <line num="312" count="1" type="stmt"/>
        <line num="315" count="4" type="stmt"/>
      </file>
    </package>
    <package name="serializers">
      <metrics statements="45" coveredstatements="35" conditionals="58" coveredconditionals="38" methods="11" coveredmethods="4"/>
      <file name="promotionSerializer.js" path="/home/armatura/learn/vue/testing/src/serializers/promotionSerializer.js">
        <metrics statements="33" coveredstatements="23" conditionals="36" coveredconditionals="27" methods="9" coveredmethods="2"/>
        <line num="4" count="1" type="stmt"/>
        <line num="5" count="1" type="stmt"/>
        <line num="6" count="1" type="stmt"/>
        <line num="11" count="1" type="stmt"/>
        <line num="12" count="1" type="stmt"/>
        <line num="13" count="1" type="stmt"/>
        <line num="18" count="1" type="stmt"/>
        <line num="19" count="13" type="stmt"/>
        <line num="20" count="13" type="cond" truecount="2" falsecount="0"/>
        <line num="21" count="12" type="stmt"/>
        <line num="29" count="13" type="stmt"/>
        <line num="32" count="1" type="stmt"/>
        <line num="33" count="0" type="stmt"/>
        <line num="34" count="0" type="cond" truecount="0" falsecount="2"/>
        <line num="35" count="0" type="stmt"/>
        <line num="37" count="0" type="cond" truecount="0" falsecount="2"/>
        <line num="41" count="0" type="stmt"/>
        <line num="46" count="5" type="cond" truecount="2" falsecount="0"/>
        <line num="47" count="5" type="cond" truecount="2" falsecount="0"/>
        <line num="48" count="5" type="cond" truecount="2" falsecount="0"/>
        <line num="49" count="5" type="cond" truecount="2" falsecount="0"/>
        <line num="52" count="5" type="cond" truecount="2" falsecount="0"/>
        <line num="53" count="5" type="stmt"/>
        <line num="57" count="5" type="cond" truecount="2" falsecount="0"/>
        <line num="58" count="5" type="cond" truecount="2" falsecount="0"/>
        <line num="59" count="5" type="cond" truecount="2" falsecount="0"/>
        <line num="63" count="0" type="stmt"/>
        <line num="67" count="0" type="stmt"/>
        <line num="70" count="0" type="cond" truecount="0" falsecount="2"/>
        <line num="74" count="0" type="stmt"/>
        <line num="90" count="1" type="stmt"/>
        <line num="92" count="1" type="stmt"/>
        <line num="93" count="0" type="stmt"/>
      </file>
      <file name="restaurantSerializer.js" path="/home/armatura/learn/vue/testing/src/serializers/restaurantSerializer.js">
        <metrics statements="12" coveredstatements="12" conditionals="22" coveredconditionals="11" methods="2" coveredmethods="2"/>
        <line num="3" count="4" type="cond" truecount="1" falsecount="1"/>
        <line num="4" count="4" type="cond" truecount="1" falsecount="1"/>
        <line num="5" count="4" type="cond" truecount="1" falsecount="1"/>
        <line num="6" count="4" type="cond" truecount="1" falsecount="1"/>
        <line num="7" count="4" type="cond" truecount="1" falsecount="1"/>
        <line num="8" count="4" type="cond" truecount="1" falsecount="1"/>
        <line num="11" count="4" type="cond" truecount="1" falsecount="1"/>
        <line num="12" count="4" type="cond" truecount="1" falsecount="1"/>
        <line num="13" count="4" type="cond" truecount="1" falsecount="1"/>
        <line num="14" count="4" type="cond" truecount="1" falsecount="1"/>
        <line num="15" count="4" type="cond" truecount="1" falsecount="1"/>
        <line num="19" count="4" type="stmt"/>
      </file>
    </package>
  </project>
</coverage>
