<?xml version="1.0" encoding="UTF-8"?>
<coverage generated="1611576468570" clover="3.2.0">
  <project timestamp="1611576468570" name="All files">
    <metrics statements="63" coveredstatements="53" conditionals="54" coveredconditionals="38" methods="19" coveredmethods="12" elements="136" coveredelements="103" complexity="0" loc="63" ncloc="63" packages="2" files="3" classes="3"/>
    <package name="components">
      <metrics statements="27" coveredstatements="27" conditionals="18" coveredconditionals="11" methods="7" coveredmethods="7"/>
      <file name="PromotionEdit.vue" path="/home/armatura/learn/vue/testing/src/components/PromotionEdit.vue">
        <metrics statements="27" coveredstatements="27" conditionals="18" coveredconditionals="11" methods="7" coveredmethods="7"/>
        <line num="220" count="1" type="stmt"/>
        <line num="228" count="1" type="stmt"/>
        <line num="238" count="3" type="stmt"/>
        <line num="256" count="3" type="stmt"/>
        <line num="260" count="3" type="cond" truecount="1" falsecount="1"/>
        <line num="261" count="3" type="cond" truecount="1" falsecount="1"/>
        <line num="262" count="3" type="cond" truecount="1" falsecount="1"/>
        <line num="263" count="3" type="cond" truecount="1" falsecount="1"/>
        <line num="266" count="3" type="cond" truecount="1" falsecount="1"/>
        <line num="269" count="3" type="stmt"/>
        <line num="270" count="3" type="cond" truecount="2" falsecount="0"/>
        <line num="274" count="3" type="cond" truecount="2" falsecount="0"/>
        <line num="280" count="6" type="cond" truecount="1" falsecount="1"/>
        <line num="281" count="6" type="cond" truecount="1" falsecount="1"/>
        <line num="285" count="6" type="stmt"/>
        <line num="288" count="1" type="stmt"/>
        <line num="289" count="1" type="stmt"/>
        <line num="290" count="1" type="stmt"/>
        <line num="291" count="1" type="stmt"/>
        <line num="292" count="1" type="stmt"/>
        <line num="293" count="1" type="stmt"/>
        <line num="294" count="1" type="stmt"/>
        <line num="300" count="1" type="stmt"/>
        <line num="306" count="1" type="stmt"/>
        <line num="307" count="1" type="stmt"/>
        <line num="312" count="1" type="stmt"/>
        <line num="315" count="3" type="stmt"/>
      </file>
    </package>
    <package name="serializers">
      <metrics statements="36" coveredstatements="26" conditionals="36" coveredconditionals="27" methods="12" coveredmethods="5"/>
      <file name="promotionSerializer.js" path="/home/armatura/learn/vue/testing/src/serializers/promotionSerializer.js">
        <metrics statements="33" coveredstatements="23" conditionals="36" coveredconditionals="27" methods="9" coveredmethods="2"/>
        <line num="4" count="1" type="stmt"/>
        <line num="5" count="1" type="stmt"/>
        <line num="6" count="1" type="stmt"/>
        <line num="11" count="1" type="stmt"/>
        <line num="12" count="1" type="stmt"/>
        <line num="13" count="1" type="stmt"/>
        <line num="18" count="1" type="stmt"/>
        <line num="19" count="10" type="stmt"/>
        <line num="20" count="10" type="cond" truecount="2" falsecount="0"/>
        <line num="21" count="9" type="stmt"/>
        <line num="29" count="10" type="stmt"/>
        <line num="32" count="1" type="stmt"/>
        <line num="33" count="0" type="stmt"/>
        <line num="34" count="0" type="cond" truecount="0" falsecount="2"/>
        <line num="35" count="0" type="stmt"/>
        <line num="37" count="0" type="cond" truecount="0" falsecount="2"/>
        <line num="41" count="0" type="stmt"/>
        <line num="46" count="4" type="cond" truecount="2" falsecount="0"/>
        <line num="47" count="4" type="cond" truecount="2" falsecount="0"/>
        <line num="48" count="4" type="cond" truecount="2" falsecount="0"/>
        <line num="49" count="4" type="cond" truecount="2" falsecount="0"/>
        <line num="52" count="4" type="cond" truecount="2" falsecount="0"/>
        <line num="53" count="4" type="stmt"/>
        <line num="57" count="4" type="cond" truecount="2" falsecount="0"/>
        <line num="58" count="4" type="cond" truecount="2" falsecount="0"/>
        <line num="59" count="4" type="cond" truecount="2" falsecount="0"/>
        <line num="63" count="0" type="stmt"/>
        <line num="67" count="0" type="stmt"/>
        <line num="70" count="0" type="cond" truecount="0" falsecount="2"/>
        <line num="74" count="0" type="stmt"/>
        <line num="90" count="1" type="stmt"/>
        <line num="92" count="1" type="stmt"/>
        <line num="93" count="0" type="stmt"/>
      </file>
      <file name="restaurantSerializer.js" path="/home/armatura/learn/vue/testing/src/serializers/restaurantSerializer.js">
        <metrics statements="3" coveredstatements="3" conditionals="0" coveredconditionals="0" methods="3" coveredmethods="3"/>
        <line num="3" count="3" type="stmt"/>
        <line num="4" count="33" type="stmt"/>
        <line num="9" count="3" type="stmt"/>
      </file>
    </package>
  </project>
</coverage>
