{"/home/armatura/learn/vue/testing/src/components/PromotionEdit.vue": {"path":"/home/armatura/learn/vue/testing/src/components/PromotionEdit.vue","statementMap":{"0":{"start":{"line":220,"column":0},"end":{"line":220,"column":null}},"1":{"start":{"line":228,"column":0},"end":{"line":228,"column":null}},"2":{"start":{"line":238,"column":0},"end":{"line":238,"column":null}},"3":{"start":{"line":256,"column":0},"end":{"line":256,"column":null}},"4":{"start":{"line":260,"column":0},"end":{"line":260,"column":null}},"5":{"start":{"line":261,"column":0},"end":{"line":261,"column":null}},"6":{"start":{"line":262,"column":0},"end":{"line":262,"column":null}},"7":{"start":{"line":263,"column":0},"end":{"line":263,"column":null}},"8":{"start":{"line":266,"column":0},"end":{"line":266,"column":null}},"9":{"start":{"line":269,"column":0},"end":{"line":269,"column":null}},"10":{"start":{"line":270,"column":0},"end":{"line":270,"column":null}},"11":{"start":{"line":274,"column":0},"end":{"line":274,"column":null}},"12":{"start":{"line":280,"column":0},"end":{"line":280,"column":null}},"13":{"start":{"line":281,"column":0},"end":{"line":281,"column":null}},"14":{"start":{"line":285,"column":0},"end":{"line":285,"column":null}},"15":{"start":{"line":288,"column":0},"end":{"line":288,"column":null}},"16":{"start":{"line":289,"column":0},"end":{"line":289,"column":null}},"17":{"start":{"line":290,"column":0},"end":{"line":290,"column":null}},"18":{"start":{"line":291,"column":0},"end":{"line":291,"column":null}},"19":{"start":{"line":292,"column":0},"end":{"line":292,"column":null}},"20":{"start":{"line":293,"column":0},"end":{"line":293,"column":null}},"21":{"start":{"line":294,"column":0},"end":{"line":294,"column":null}},"22":{"start":{"line":300,"column":0},"end":{"line":300,"column":null}},"23":{"start":{"line":306,"column":0},"end":{"line":306,"column":null}},"24":{"start":{"line":307,"column":0},"end":{"line":307,"column":null}},"25":{"start":{"line":312,"column":0},"end":{"line":312,"column":null}},"26":{"start":{"line":315,"column":0},"end":{"line":315,"column":null}}},"fnMap":{"0":{"name":"(anonymous_1)","decl":{"start":{"line":237,"column":0},"end":{"line":237,"column":null}},"loc":{"start":{"line":237,"column":0},"end":{"line":254,"column":null}}},"1":{"name":"(anonymous_2)","decl":{"start":{"line":255,"column":0},"end":{"line":255,"column":null}},"loc":{"start":{"line":255,"column":0},"end":{"line":257,"column":null}}},"2":{"name":"(anonymous_3)","decl":{"start":{"line":259,"column":0},"end":{"line":259,"column":null}},"loc":{"start":{"line":259,"column":0},"end":{"line":278,"column":null}}},"3":{"name":"(anonymous_4)","decl":{"start":{"line":279,"column":0},"end":{"line":279,"column":null}},"loc":{"start":{"line":279,"column":0},"end":{"line":286,"column":null}}},"4":{"name":"(anonymous_5)","decl":{"start":{"line":287,"column":0},"end":{"line":287,"column":null}},"loc":{"start":{"line":287,"column":0},"end":{"line":308,"column":null}}},"5":{"name":"(anonymous_6)","decl":{"start":{"line":311,"column":0},"end":{"line":311,"column":null}},"loc":{"start":{"line":311,"column":0},"end":{"line":313,"column":null}}},"6":{"name":"(anonymous_7)","decl":{"start":{"line":314,"column":0},"end":{"line":314,"column":null}},"loc":{"start":{"line":314,"column":0},"end":{"line":316,"column":null}}}},"branchMap":{"0":{"loc":{"start":{"line":260,"column":0},"end":{"line":260,"column":null}},"type":"cond-expr","locations":[{"start":{"line":260,"column":0},"end":{"line":260,"column":null}},{"start":{"line":260,"column":0},"end":{"line":260,"column":null}}]},"1":{"loc":{"start":{"line":261,"column":0},"end":{"line":261,"column":null}},"type":"cond-expr","locations":[{"start":{"line":261,"column":0},"end":{"line":261,"column":null}},{"start":{"line":261,"column":0},"end":{"line":261,"column":null}}]},"2":{"loc":{"start":{"line":262,"column":0},"end":{"line":262,"column":null}},"type":"cond-expr","locations":[{"start":{"line":262,"column":0},"end":{"line":262,"column":null}},{"start":{"line":262,"column":0},"end":{"line":262,"column":null}}]},"3":{"loc":{"start":{"line":263,"column":0},"end":{"line":263,"column":null}},"type":"cond-expr","locations":[{"start":{"line":263,"column":0},"end":{"line":263,"column":null}},{"start":{"line":263,"column":0},"end":{"line":263,"column":null}}]},"4":{"loc":{"start":{"line":266,"column":0},"end":{"line":266,"column":null}},"type":"cond-expr","locations":[{"start":{"line":266,"column":0},"end":{"line":266,"column":null}},{"start":{"line":266,"column":0},"end":{"line":266,"column":null}}]},"5":{"loc":{"start":{"line":270,"column":0},"end":{"line":270,"column":null}},"type":"cond-expr","locations":[{"start":{"line":270,"column":0},"end":{"line":270,"column":null}},{"start":{"line":270,"column":0},"end":{"line":270,"column":null}}]},"6":{"loc":{"start":{"line":274,"column":0},"end":{"line":274,"column":null}},"type":"cond-expr","locations":[{"start":{"line":274,"column":0},"end":{"line":274,"column":null}},{"start":{"line":274,"column":0},"end":{"line":274,"column":null}}]},"7":{"loc":{"start":{"line":280,"column":0},"end":{"line":280,"column":null}},"type":"cond-expr","locations":[{"start":{"line":280,"column":0},"end":{"line":280,"column":null}},{"start":{"line":280,"column":0},"end":{"line":280,"column":null}}]},"8":{"loc":{"start":{"line":281,"column":0},"end":{"line":281,"column":null}},"type":"cond-expr","locations":[{"start":{"line":281,"column":0},"end":{"line":281,"column":null}},{"start":{"line":281,"column":0},"end":{"line":281,"column":null}}]}},"s":{"0":1,"1":1,"2":6,"3":6,"4":8,"5":8,"6":8,"7":8,"8":8,"9":8,"10":8,"11":8,"12":17,"13":17,"14":17,"15":1,"16":1,"17":1,"18":1,"19":1,"20":1,"21":1,"22":1,"23":1,"24":1,"25":2,"26":9},"f":{"0":6,"1":6,"2":8,"3":17,"4":1,"5":2,"6":9},"b":{"0":[7,1],"1":[7,1],"2":[7,1],"3":[7,1],"4":[7,1],"5":[14,9],"6":[14,9],"7":[15,2],"8":[14,3]}}
,"/home/armatura/learn/vue/testing/src/serializers/promotionSerializer.js": {"path":"/home/armatura/learn/vue/testing/src/serializers/promotionSerializer.js","statementMap":{"0":{"start":{"line":4,"column":38},"end":{"line":4,"column":53}},"1":{"start":{"line":5,"column":33},"end":{"line":5,"column":43}},"2":{"start":{"line":6,"column":30},"end":{"line":9,"column":1}},"3":{"start":{"line":11,"column":40},"end":{"line":11,"column":49}},"4":{"start":{"line":12,"column":38},"end":{"line":12,"column":45}},"5":{"start":{"line":13,"column":29},"end":{"line":16,"column":1}},"6":{"start":{"line":18,"column":38},"end":{"line":30,"column":1}},"7":{"start":{"line":19,"column":22},"end":{"line":19,"column":24}},"8":{"start":{"line":20,"column":2},"end":{"line":28,"column":3}},"9":{"start":{"line":21,"column":4},"end":{"line":27,"column":6}},"10":{"start":{"line":29,"column":2},"end":{"line":29,"column":23}},"11":{"start":{"line":32,"column":40},"end":{"line":42,"column":1}},"12":{"start":{"line":33,"column":26},"end":{"line":33,"column":28}},"13":{"start":{"line":34,"column":2},"end":{"line":40,"column":3}},"14":{"start":{"line":35,"column":4},"end":{"line":39,"column":6}},"15":{"start":{"line":37,"column":50},"end":{"line":37,"column":69}},"16":{"start":{"line":41,"column":2},"end":{"line":41,"column":27}},"17":{"start":{"line":46,"column":4},"end":{"line":46,"column":46}},"18":{"start":{"line":47,"column":4},"end":{"line":47,"column":52}},"19":{"start":{"line":48,"column":4},"end":{"line":48,"column":52}},"20":{"start":{"line":49,"column":4},"end":{"line":51,"column":13}},"21":{"start":{"line":52,"column":4},"end":{"line":52,"column":59}},"22":{"start":{"line":53,"column":4},"end":{"line":56,"column":6}},"23":{"start":{"line":57,"column":4},"end":{"line":57,"column":59}},"24":{"start":{"line":58,"column":4},"end":{"line":58,"column":55}},"25":{"start":{"line":59,"column":4},"end":{"line":59,"column":62}},"26":{"start":{"line":63,"column":4},"end":{"line":63,"column":41}},"27":{"start":{"line":67,"column":24},"end":{"line":69,"column":24}},"28":{"start":{"line":70,"column":4},"end":{"line":70,"column":70}},"29":{"start":{"line":74,"column":4},"end":{"line":86,"column":6}},"30":{"start":{"line":90,"column":34},"end":{"line":90,"column":73}},"31":{"start":{"line":90,"column":49},"end":{"line":90,"column":73}},"32":{"start":{"line":92,"column":38},"end":{"line":93,"column":36}},"33":{"start":{"line":93,"column":2},"end":{"line":93,"column":36}}},"fnMap":{"0":{"name":"(anonymous_0)","decl":{"start":{"line":18,"column":38},"end":{"line":18,"column":39}},"loc":{"start":{"line":18,"column":60},"end":{"line":30,"column":1}},"line":18},"1":{"name":"(anonymous_1)","decl":{"start":{"line":32,"column":40},"end":{"line":32,"column":41}},"loc":{"start":{"line":32,"column":69},"end":{"line":42,"column":1}},"line":32},"2":{"name":"(anonymous_2)","decl":{"start":{"line":37,"column":42},"end":{"line":37,"column":43}},"loc":{"start":{"line":37,"column":50},"end":{"line":37,"column":69}},"line":37},"3":{"name":"(anonymous_3)","decl":{"start":{"line":45,"column":2},"end":{"line":45,"column":3}},"loc":{"start":{"line":45,"column":25},"end":{"line":60,"column":3}},"line":45},"4":{"name":"(anonymous_4)","decl":{"start":{"line":62,"column":2},"end":{"line":62,"column":3}},"loc":{"start":{"line":62,"column":24},"end":{"line":64,"column":3}},"line":62},"5":{"name":"(anonymous_5)","decl":{"start":{"line":66,"column":2},"end":{"line":66,"column":3}},"loc":{"start":{"line":66,"column":17},"end":{"line":71,"column":3}},"line":66},"6":{"name":"(anonymous_6)","decl":{"start":{"line":73,"column":2},"end":{"line":73,"column":3}},"loc":{"start":{"line":73,"column":21},"end":{"line":87,"column":3}},"line":73},"7":{"name":"(anonymous_7)","decl":{"start":{"line":90,"column":34},"end":{"line":90,"column":35}},"loc":{"start":{"line":90,"column":49},"end":{"line":90,"column":73}},"line":90},"8":{"name":"(anonymous_8)","decl":{"start":{"line":92,"column":38},"end":{"line":92,"column":39}},"loc":{"start":{"line":93,"column":2},"end":{"line":93,"column":36}},"line":93}},"branchMap":{"0":{"loc":{"start":{"line":20,"column":2},"end":{"line":28,"column":3}},"type":"if","locations":[{"start":{"line":20,"column":2},"end":{"line":28,"column":3}},{"start":{"line":20,"column":2},"end":{"line":28,"column":3}}],"line":20},"1":{"loc":{"start":{"line":22,"column":20},"end":{"line":24,"column":34}},"type":"cond-expr","locations":[{"start":{"line":23,"column":10},"end":{"line":23,"column":53}},{"start":{"line":24,"column":10},"end":{"line":24,"column":34}}],"line":22},"2":{"loc":{"start":{"line":23,"column":10},"end":{"line":23,"column":53}},"type":"binary-expr","locations":[{"start":{"line":23,"column":10},"end":{"line":23,"column":30}},{"start":{"line":23,"column":34},"end":{"line":23,"column":53}}],"line":23},"3":{"loc":{"start":{"line":25,"column":15},"end":{"line":25,"column":62}},"type":"cond-expr","locations":[{"start":{"line":25,"column":24},"end":{"line":25,"column":57}},{"start":{"line":25,"column":60},"end":{"line":25,"column":62}}],"line":25},"4":{"loc":{"start":{"line":25,"column":24},"end":{"line":25,"column":57}},"type":"binary-expr","locations":[{"start":{"line":25,"column":24},"end":{"line":25,"column":39}},{"start":{"line":25,"column":43},"end":{"line":25,"column":57}}],"line":25},"5":{"loc":{"start":{"line":26,"column":14},"end":{"line":26,"column":43}},"type":"cond-expr","locations":[{"start":{"line":26,"column":23},"end":{"line":26,"column":36}},{"start":{"line":26,"column":39},"end":{"line":26,"column":43}}],"line":26},"6":{"loc":{"start":{"line":34,"column":2},"end":{"line":40,"column":3}},"type":"if","locations":[{"start":{"line":34,"column":2},"end":{"line":40,"column":3}},{"start":{"line":34,"column":2},"end":{"line":40,"column":3}}],"line":34},"7":{"loc":{"start":{"line":37,"column":50},"end":{"line":37,"column":69}},"type":"binary-expr","locations":[{"start":{"line":37,"column":50},"end":{"line":37,"column":56}},{"start":{"line":37,"column":60},"end":{"line":37,"column":69}}],"line":37},"8":{"loc":{"start":{"line":46,"column":14},"end":{"line":46,"column":45}},"type":"cond-expr","locations":[{"start":{"line":46,"column":26},"end":{"line":46,"column":38}},{"start":{"line":46,"column":41},"end":{"line":46,"column":45}}],"line":46},"9":{"loc":{"start":{"line":47,"column":18},"end":{"line":47,"column":51}},"type":"cond-expr","locations":[{"start":{"line":47,"column":30},"end":{"line":47,"column":46}},{"start":{"line":47,"column":49},"end":{"line":47,"column":51}}],"line":47},"10":{"loc":{"start":{"line":48,"column":17},"end":{"line":48,"column":51}},"type":"cond-expr","locations":[{"start":{"line":48,"column":29},"end":{"line":48,"column":44}},{"start":{"line":48,"column":47},"end":{"line":48,"column":51}}],"line":48},"11":{"loc":{"start":{"line":49,"column":22},"end":{"line":51,"column":12}},"type":"cond-expr","locations":[{"start":{"line":50,"column":8},"end":{"line":50,"column":49}},{"start":{"line":51,"column":8},"end":{"line":51,"column":12}}],"line":49},"12":{"loc":{"start":{"line":52,"column":20},"end":{"line":52,"column":58}},"type":"cond-expr","locations":[{"start":{"line":52,"column":32},"end":{"line":52,"column":51}},{"start":{"line":52,"column":54},"end":{"line":52,"column":58}}],"line":52},"13":{"loc":{"start":{"line":55,"column":6},"end":{"line":55,"column":49}},"type":"cond-expr","locations":[{"start":{"line":55,"column":18},"end":{"line":55,"column":42}},{"start":{"line":55,"column":45},"end":{"line":55,"column":49}}],"line":55},"14":{"loc":{"start":{"line":57,"column":21},"end":{"line":57,"column":58}},"type":"cond-expr","locations":[{"start":{"line":57,"column":33},"end":{"line":57,"column":53}},{"start":{"line":57,"column":56},"end":{"line":57,"column":58}}],"line":57},"15":{"loc":{"start":{"line":58,"column":19},"end":{"line":58,"column":54}},"type":"cond-expr","locations":[{"start":{"line":58,"column":31},"end":{"line":58,"column":49}},{"start":{"line":58,"column":52},"end":{"line":58,"column":54}}],"line":58},"16":{"loc":{"start":{"line":59,"column":23},"end":{"line":59,"column":61}},"type":"cond-expr","locations":[{"start":{"line":59,"column":35},"end":{"line":59,"column":56}},{"start":{"line":59,"column":59},"end":{"line":59,"column":61}}],"line":59},"17":{"loc":{"start":{"line":70,"column":11},"end":{"line":70,"column":69}},"type":"binary-expr","locations":[{"start":{"line":70,"column":11},"end":{"line":70,"column":39}},{"start":{"line":70,"column":43},"end":{"line":70,"column":69}}],"line":70}},"s":{"0":1,"1":1,"2":1,"3":1,"4":1,"5":1,"6":1,"7":24,"8":24,"9":18,"10":24,"11":1,"12":0,"13":0,"14":0,"15":0,"16":0,"17":7,"18":7,"19":7,"20":7,"21":7,"22":7,"23":7,"24":7,"25":7,"26":0,"27":0,"28":0,"29":0,"30":1,"31":0,"32":1,"33":0},"f":{"0":24,"1":0,"2":0,"3":7,"4":0,"5":0,"6":0,"7":0,"8":0},"b":{"0":[18,6],"1":[18,0],"2":[18,12],"3":[18,0],"4":[18,12],"5":[18,0],"6":[0,0],"7":[0,0],"8":[6,1],"9":[6,1],"10":[6,1],"11":[6,1],"12":[6,1],"13":[6,1],"14":[6,1],"15":[6,1],"16":[6,1],"17":[0,0]},"_coverageSchema":"43e27e138ebf9cfc5966b082cf9a028302ed4184","hash":"59e7871214cc4f272dec1cfb946092f43596ccbf"}
,"/home/armatura/learn/vue/testing/src/serializers/restaurantSerializer.js": {"path":"/home/armatura/learn/vue/testing/src/serializers/restaurantSerializer.js","statementMap":{"0":{"start":{"line":3,"column":4},"end":{"line":3,"column":48}},"1":{"start":{"line":4,"column":4},"end":{"line":4,"column":52}},"2":{"start":{"line":5,"column":4},"end":{"line":5,"column":64}},"3":{"start":{"line":6,"column":4},"end":{"line":6,"column":57}},"4":{"start":{"line":7,"column":4},"end":{"line":7,"column":60}},"5":{"start":{"line":8,"column":4},"end":{"line":10,"column":11}},"6":{"start":{"line":11,"column":4},"end":{"line":11,"column":52}},"7":{"start":{"line":12,"column":4},"end":{"line":12,"column":60}},"8":{"start":{"line":13,"column":4},"end":{"line":13,"column":70}},"9":{"start":{"line":14,"column":4},"end":{"line":14,"column":60}},"10":{"start":{"line":15,"column":4},"end":{"line":15,"column":60}},"11":{"start":{"line":19,"column":35},"end":{"line":19,"column":77}},"12":{"start":{"line":19,"column":51},"end":{"line":19,"column":77}}},"fnMap":{"0":{"name":"(anonymous_0)","decl":{"start":{"line":2,"column":2},"end":{"line":2,"column":3}},"loc":{"start":{"line":2,"column":26},"end":{"line":16,"column":3}},"line":2},"1":{"name":"(anonymous_1)","decl":{"start":{"line":19,"column":35},"end":{"line":19,"column":36}},"loc":{"start":{"line":19,"column":51},"end":{"line":19,"column":77}},"line":19}},"branchMap":{"0":{"loc":{"start":{"line":3,"column":14},"end":{"line":3,"column":47}},"type":"cond-expr","locations":[{"start":{"line":3,"column":27},"end":{"line":3,"column":40}},{"start":{"line":3,"column":43},"end":{"line":3,"column":47}}],"line":3},"1":{"loc":{"start":{"line":4,"column":17},"end":{"line":4,"column":51}},"type":"cond-expr","locations":[{"start":{"line":4,"column":30},"end":{"line":4,"column":46}},{"start":{"line":4,"column":49},"end":{"line":4,"column":51}}],"line":4},"2":{"loc":{"start":{"line":5,"column":22},"end":{"line":5,"column":63}},"type":"cond-expr","locations":[{"start":{"line":5,"column":35},"end":{"line":5,"column":56}},{"start":{"line":5,"column":59},"end":{"line":5,"column":63}}],"line":5},"3":{"loc":{"start":{"line":6,"column":16},"end":{"line":6,"column":56}},"type":"cond-expr","locations":[{"start":{"line":6,"column":34},"end":{"line":6,"column":49}},{"start":{"line":6,"column":52},"end":{"line":6,"column":56}}],"line":6},"4":{"loc":{"start":{"line":7,"column":17},"end":{"line":7,"column":59}},"type":"cond-expr","locations":[{"start":{"line":7,"column":36},"end":{"line":7,"column":52}},{"start":{"line":7,"column":55},"end":{"line":7,"column":59}}],"line":7},"5":{"loc":{"start":{"line":8,"column":28},"end":{"line":10,"column":10}},"type":"cond-expr","locations":[{"start":{"line":9,"column":8},"end":{"line":9,"column":35}},{"start":{"line":10,"column":8},"end":{"line":10,"column":10}}],"line":8},"6":{"loc":{"start":{"line":11,"column":17},"end":{"line":11,"column":51}},"type":"cond-expr","locations":[{"start":{"line":11,"column":30},"end":{"line":11,"column":46}},{"start":{"line":11,"column":49},"end":{"line":11,"column":51}}],"line":11},"7":{"loc":{"start":{"line":12,"column":20},"end":{"line":12,"column":59}},"type":"cond-expr","locations":[{"start":{"line":12,"column":33},"end":{"line":12,"column":52}},{"start":{"line":12,"column":55},"end":{"line":12,"column":59}}],"line":12},"8":{"loc":{"start":{"line":13,"column":25},"end":{"line":13,"column":69}},"type":"cond-expr","locations":[{"start":{"line":13,"column":38},"end":{"line":13,"column":62}},{"start":{"line":13,"column":65},"end":{"line":13,"column":69}}],"line":13},"9":{"loc":{"start":{"line":14,"column":20},"end":{"line":14,"column":59}},"type":"cond-expr","locations":[{"start":{"line":14,"column":33},"end":{"line":14,"column":52}},{"start":{"line":14,"column":55},"end":{"line":14,"column":59}}],"line":14},"10":{"loc":{"start":{"line":15,"column":20},"end":{"line":15,"column":59}},"type":"cond-expr","locations":[{"start":{"line":15,"column":33},"end":{"line":15,"column":52}},{"start":{"line":15,"column":55},"end":{"line":15,"column":59}}],"line":15}},"s":{"0":6,"1":6,"2":6,"3":6,"4":6,"5":6,"6":6,"7":6,"8":6,"9":6,"10":6,"11":1,"12":6},"f":{"0":6,"1":6},"b":{"0":[6,0],"1":[6,0],"2":[6,0],"3":[6,0],"4":[6,0],"5":[6,0],"6":[6,0],"7":[6,0],"8":[6,0],"9":[6,0],"10":[6,0]},"_coverageSchema":"43e27e138ebf9cfc5966b082cf9a028302ed4184","hash":"b6b75ce8a992aefd455ad021af96e0cba4e68b4d"}
}
