TN:
SF:/home/armatura/learn/vue/testing/src/components/PromotionEdit.vue
FN:237,(anonymous_1)
FN:255,(anonymous_2)
FN:259,(anonymous_3)
FN:279,(anonymous_4)
FN:287,(anonymous_5)
FN:311,(anonymous_6)
FN:314,(anonymous_7)
FNF:7
FNH:7
FNDA:4,(anonymous_1)
FNDA:4,(anonymous_2)
FNDA:4,(anonymous_3)
FNDA:8,(anonymous_4)
FNDA:1,(anonymous_5)
FNDA:1,(anonymous_6)
FNDA:4,(anonymous_7)
DA:220,1
DA:228,1
DA:238,4
DA:256,4
DA:260,4
DA:261,4
DA:262,4
DA:263,4
DA:266,4
DA:269,4
DA:270,4
DA:274,4
DA:280,8
DA:281,8
DA:285,8
DA:288,1
DA:289,1
DA:290,1
DA:291,1
DA:292,1
DA:293,1
DA:294,1
DA:300,1
DA:306,1
DA:307,1
DA:312,1
DA:315,4
LF:27
LH:27
BRDA:260,0,0,4
BRDA:260,0,1,0
BRDA:261,1,0,4
BRDA:261,1,1,0
BRDA:262,2,0,4
BRDA:262,2,1,0
BRDA:263,3,0,4
BRDA:263,3,1,0
BRDA:266,4,0,4
BRDA:266,4,1,0
BRDA:270,5,0,8
BRDA:270,5,1,4
BRDA:274,6,0,8
BRDA:274,6,1,4
BRDA:280,7,0,8
BRDA:280,7,1,0
BRDA:281,8,0,8
BRDA:281,8,1,0
BRF:18
BRH:11
end_of_record
TN:
SF:/home/armatura/learn/vue/testing/src/serializers/promotionSerializer.js
FN:18,(anonymous_0)
FN:32,(anonymous_1)
FN:37,(anonymous_2)
FN:45,(anonymous_3)
FN:62,(anonymous_4)
FN:66,(anonymous_5)
FN:73,(anonymous_6)
FN:90,(anonymous_7)
FN:92,(anonymous_8)
FNF:9
FNH:2
FNDA:13,(anonymous_0)
FNDA:0,(anonymous_1)
FNDA:0,(anonymous_2)
FNDA:5,(anonymous_3)
FNDA:0,(anonymous_4)
FNDA:0,(anonymous_5)
FNDA:0,(anonymous_6)
FNDA:0,(anonymous_7)
FNDA:0,(anonymous_8)
DA:4,1
DA:5,1
DA:6,1
DA:11,1
DA:12,1
DA:13,1
DA:18,1
DA:19,13
DA:20,13
DA:21,12
DA:29,13
DA:32,1
DA:33,0
DA:34,0
DA:35,0
DA:37,0
DA:41,0
DA:46,5
DA:47,5
DA:48,5
DA:49,5
DA:52,5
DA:53,5
DA:57,5
DA:58,5
DA:59,5
DA:63,0
DA:67,0
DA:70,0
DA:74,0
DA:90,1
DA:92,1
DA:93,0
LF:33
LH:23
BRDA:20,0,0,12
BRDA:20,0,1,1
BRDA:22,1,0,12
BRDA:22,1,1,0
BRDA:23,2,0,12
BRDA:23,2,1,8
BRDA:25,3,0,12
BRDA:25,3,1,0
BRDA:25,4,0,12
BRDA:25,4,1,8
BRDA:26,5,0,12
BRDA:26,5,1,0
BRDA:34,6,0,0
BRDA:34,6,1,0
BRDA:37,7,0,0
BRDA:37,7,1,0
BRDA:46,8,0,4
BRDA:46,8,1,1
BRDA:47,9,0,4
BRDA:47,9,1,1
BRDA:48,10,0,4
BRDA:48,10,1,1
BRDA:49,11,0,4
BRDA:49,11,1,1
BRDA:52,12,0,4
BRDA:52,12,1,1
BRDA:55,13,0,4
BRDA:55,13,1,1
BRDA:57,14,0,4
BRDA:57,14,1,1
BRDA:58,15,0,4
BRDA:58,15,1,1
BRDA:59,16,0,4
BRDA:59,16,1,1
BRDA:70,17,0,0
BRDA:70,17,1,0
BRF:36
BRH:27
end_of_record
TN:
SF:/home/armatura/learn/vue/testing/src/serializers/restaurantSerializer.js
FN:2,(anonymous_0)
FN:19,(anonymous_1)
FNF:2
FNH:2
FNDA:4,(anonymous_0)
FNDA:4,(anonymous_1)
DA:3,4
DA:4,4
DA:5,4
DA:6,4
DA:7,4
DA:8,4
DA:11,4
DA:12,4
DA:13,4
DA:14,4
DA:15,4
DA:19,4
LF:12
LH:12
BRDA:3,0,0,4
BRDA:3,0,1,0
BRDA:4,1,0,4
BRDA:4,1,1,0
BRDA:5,2,0,4
BRDA:5,2,1,0
BRDA:6,3,0,4
BRDA:6,3,1,0
BRDA:7,4,0,4
BRDA:7,4,1,0
BRDA:8,5,0,4
BRDA:8,5,1,0
BRDA:11,6,0,4
BRDA:11,6,1,0
BRDA:12,7,0,4
BRDA:12,7,1,0
BRDA:13,8,0,4
BRDA:13,8,1,0
BRDA:14,9,0,4
BRDA:14,9,1,0
BRDA:15,10,0,4
BRDA:15,10,1,0
BRF:22
BRH:11
end_of_record
